<?xml version="1.0" encoding="UTF-8"?>
<!-- Generated by org.testng.reporters.JUnitReportReporter -->
<testsuite hostname="Ajay" failures="0" tests="1" name="sectionSix.DemoTestComplexNestedJSONObject" time="4.575" errors="0" timestamp="2024-04-09T21:44:34 IST" skipped="0">
  <testcase classname="sectionSix.DemoTestComplexNestedJSONObject" name="createUser" time="4.575"/>
</testsuite> <!-- sectionSix.DemoTestComplexNestedJSONObject -->
