<?xml version="1.0" encoding="UTF-8"?>
<!-- Generated by org.testng.reporters.JUnitReportReporter -->
<testsuite hostname="Ajay" failures="0" tests="1" name="sectionSeven.DemoJsonInclude" time="0.486" errors="0" timestamp="2024-04-11T15:29:27 IST" skipped="0">
  <testcase classname="sectionSeven.DemoJsonInclude" name="testMethod1" time="0.486"/>
</testsuite> <!-- sectionSeven.DemoJsonInclude -->
