<?xml version="1.0" encoding="UTF-8"?>
<!-- Generated by org.testng.reporters.JUnitReportReporter -->
<testsuite hostname="Ajay" failures="0" tests="4" name="SectionThreee.CRUDOnOwnAPI" time="1.809" errors="0" timestamp="2024-04-04T16:12:47 IST" skipped="2">
  <testcase classname="SectionThreee.CRUDOnOwnAPI" name="testCase04" time="0.057"/>
  <testcase classname="SectionThreee.CRUDOnOwnAPI" name="testCase03" time="1.752"/>
  <testcase classname="SectionThreee.CRUDOnOwnAPI" name="testCase02">
    <skipped/>
  </testcase> <!-- testCase02 -->
  <testcase classname="SectionThreee.CRUDOnOwnAPI" name="testCase01">
    <skipped/>
  </testcase> <!-- testCase01 -->
</testsuite> <!-- SectionThreee.CRUDOnOwnAPI -->
