<?xml version="1.0" encoding="UTF-8"?>
<!-- Generated by org.testng.reporters.JUnitReportReporter -->
<testsuite hostname="Ajay" failures="0" tests="2" name="SectionThreee.JSONArrayUsingJsonObject" time="2.527" errors="0" timestamp="2024-03-30T00:30:39 IST" skipped="1">
  <testcase classname="SectionThreee.JSONArrayUsingJsonObject" name="test02" time="2.527"/>
  <testcase classname="SectionThreee.JSONArrayUsingJsonObject" name="test01">
    <skipped/>
  </testcase> <!-- test01 -->
</testsuite> <!-- SectionThreee.JSONArrayUsingJsonObject -->
