<?xml version="1.0" encoding="UTF-8"?>
<!-- Generated by org.testng.reporters.JUnitReportReporter -->
<testsuite hostname="Ajay" failures="0" tests="1" name="sectionOne.authorizationAPIKey" time="3.729" errors="0" timestamp="2024-03-28T21:39:25 IST" skipped="0">
  <testcase classname="sectionOne.authorizationAPIKey" name="authAPIKey" time="3.729"/>
</testsuite> <!-- sectionOne.authorizationAPIKey -->
