<?xml version="1.0" encoding="UTF-8"?>
<!-- Generated by org.testng.reporters.JUnitReportReporter -->
<testsuite hostname="Ajay" failures="0" tests="1" name="sectionFour.EmpSerializationAndDesrilization" time="3.216" errors="0" timestamp="2024-04-07T01:48:02 IST" skipped="0">
  <testcase classname="sectionFour.EmpSerializationAndDesrilization" name="classToJSONObeject" time="3.216"/>
</testsuite> <!-- sectionFour.EmpSerializationAndDesrilization -->
