<?xml version="1.0" encoding="UTF-8"?>
<!-- Generated by org.testng.reporters.JUnitReportReporter -->
<testsuite hostname="Ajay" failures="0" tests="3" name="sectionOne.firstGetRequest" time="2.275" errors="0" timestamp="2024-04-04T14:48:40 IST" skipped="0">
  <testcase classname="sectionOne.firstGetRequest" name="testcase03" time="0.100"/>
  <testcase classname="sectionOne.firstGetRequest" name="testcase01" time="2.036"/>
  <testcase classname="sectionOne.firstGetRequest" name="testcase02" time="0.139"/>
</testsuite> <!-- sectionOne.firstGetRequest -->
