<?xml version="1.0" encoding="UTF-8"?>
<!-- Generated by org.testng.reporters.JUnitReportReporter -->
<testsuite hostname="Ajay" failures="0" tests="1" name="sectionTwo.diserializationJsonDemo" time="2.201" errors="0" timestamp="2024-03-29T15:18:27 IST" skipped="0">
  <testcase classname="sectionTwo.diserializationJsonDemo" name="test01" time="2.201"/>
</testsuite> <!-- sectionTwo.diserializationJsonDemo -->
