<?xml version="1.0" encoding="UTF-8"?>
<!-- Generated by org.testng.reporters.JUnitReportReporter -->
<testsuite hostname="Ajay" failures="0" tests="1" name="SectionThreee.JSONObjectusingJacksonAPI" time="2.565" errors="0" timestamp="2024-03-30T01:48:50 IST" skipped="0">
  <testcase classname="SectionThreee.JSONObjectusingJacksonAPI" name="test01" time="2.565"/>
</testsuite> <!-- SectionThreee.JSONObjectusingJacksonAPI -->
