<?xml version="1.0" encoding="UTF-8"?>
<!-- Generated by org.testng.reporters.JUnitReportReporter -->
<testsuite hostname="Ajay" failures="0" tests="2" name="sectionOne.authorization" time="4.623" errors="0" timestamp="2024-03-28T20:30:32 IST" skipped="1">
  <testcase classname="sectionOne.authorization" name="digestAuth" time="4.623"/>
  <testcase classname="sectionOne.authorization" name="basicAuth">
    <skipped/>
  </testcase> <!-- basicAuth -->
</testsuite> <!-- sectionOne.authorization -->
