<?xml version="1.0" encoding="UTF-8"?>
<!-- Generated by org.testng.reporters.JUnitReportReporter -->
<testsuite hostname="Ajay" failures="0" tests="1" name="sectionOne.authorizationBearerToken" time="2.885" errors="0" timestamp="2024-03-28T21:14:52 IST" skipped="0">
  <testcase classname="sectionOne.authorizationBearerToken" name="bearerTocken1" time="2.885"/>
</testsuite> <!-- sectionOne.authorizationBearerToken -->
