<?xml version="1.0" encoding="UTF-8"?>
<!-- Generated by org.testng.reporters.JUnitReportReporter -->
<testsuite hostname="Ajay" failures="0" tests="1" name="sectionOne.firstGetRequest" time="1.949" errors="0" timestamp="2024-03-26T14:06:33 IST" skipped="0">
  <testcase classname="sectionOne.firstGetRequest" name="testcase01" time="1.949"/>
</testsuite> <!-- sectionOne.firstGetRequest -->
