<?xml version="1.0" encoding="UTF-8"?>
<!-- Generated by org.testng.reporters.JUnitReportReporter -->
<testsuite hostname="Ajay" failures="0" tests="1" name="sectionOne.queryParameters" time="4.537" errors="0" timestamp="2024-03-28T20:24:30 IST" skipped="0">
  <testcase classname="sectionOne.queryParameters" name="testCase01" time="4.537"/>
</testsuite> <!-- sectionOne.queryParameters -->
