<?xml version="1.0" encoding="UTF-8"?>
<!-- Generated by org.testng.reporters.JUnitReportReporter -->
<testsuite hostname="Ajay" failures="0" tests="3" name="sectionOne.validateHTTPResponse" time="2.554" errors="0" timestamp="2024-03-27T01:21:50 IST" skipped="2">
  <testcase classname="sectionOne.validateHTTPResponse" name="getSingleUserBDD" time="2.554"/>
  <testcase classname="sectionOne.validateHTTPResponse" name="getSingleUser">
    <skipped/>
  </testcase> <!-- getSingleUser -->
  <testcase classname="sectionOne.validateHTTPResponse" name="getSingleUserValidatableResponse">
    <skipped/>
  </testcase> <!-- getSingleUserValidatableResponse -->
</testsuite> <!-- sectionOne.validateHTTPResponse -->
