<?xml version="1.0" encoding="UTF-8"?>
<!-- Generated by org.testng.reporters.JUnitReportReporter -->
<testsuite hostname="Ajay" failures="0" tests="1" name="sectionOne.validateJsonResponseBody" time="2.725" errors="0" timestamp="2024-03-27T20:38:12 IST" skipped="0">
  <testcase classname="sectionOne.validateJsonResponseBody" name="testCase01" time="2.725"/>
</testsuite> <!-- sectionOne.validateJsonResponseBody -->
