<?xml version="1.0" encoding="UTF-8"?>
<!-- Generated by org.testng.reporters.JUnitReportReporter -->
<testsuite hostname="Ajay" failures="0" tests="1" name="SectionThreee.queryRequestSpecification" time="2.280" errors="0" timestamp="2024-03-29T15:43:01 IST" skipped="0">
  <testcase classname="SectionThreee.queryRequestSpecification" name="test01" time="2.280"/>
</testsuite> <!-- SectionThreee.queryRequestSpecification -->
