<?xml version="1.0" encoding="UTF-8"?>
<!-- Generated by org.testng.reporters.JUnitReportReporter -->
<testsuite hostname="Ajay" failures="0" tests="2" name="SectionThreee.fileUpload" time="4.410" errors="0" timestamp="2024-04-04T14:37:54 IST" skipped="0">
  <testcase classname="SectionThreee.fileUpload" name="test02" time="1.165"/>
  <testcase classname="SectionThreee.fileUpload" name="test01" time="3.245"/>
</testsuite> <!-- SectionThreee.fileUpload -->
