<?xml version="1.0" encoding="UTF-8"?>
<!-- Generated by org.testng.reporters.JUnitReportReporter -->
<testsuite hostname="Ajay" failures="0" tests="1" name="sectionFive.DemoNestedJSONPayload" time="3.682" errors="0" timestamp="2024-04-09T21:33:18 IST" skipped="0">
  <testcase classname="sectionFive.DemoNestedJSONPayload" name="createUser" time="3.682"/>
</testsuite> <!-- sectionFive.DemoNestedJSONPayload -->
