<?xml version="1.0" encoding="UTF-8"?>
<!-- Generated by org.testng.reporters.JUnitReportReporter -->
<testsuite hostname="Ajay" failures="0" tests="1" name="sectionFour.POJOJSONArray" time="3.574" errors="0" timestamp="2024-04-08T16:04:19 IST" skipped="0">
  <testcase classname="sectionFour.POJOJSONArray" name="createEmpObj" time="3.574"/>
</testsuite> <!-- sectionFour.POJOJSONArray -->
