<?xml version="1.0" encoding="UTF-8"?>
<!-- Generated by org.testng.reporters.JUnitReportReporter -->
<testsuite hostname="Ajay" failures="0" tests="1" name="SectionThreee.JSONObjectUsingJavaMap" time="3.418" errors="0" timestamp="2024-03-29T22:49:39 IST" skipped="0">
  <testcase classname="SectionThreee.JSONObjectUsingJavaMap" name="getToken" time="3.418"/>
</testsuite> <!-- SectionThreee.JSONObjectUsingJavaMap -->
